<?xml version="1.0" encoding="UTF-8"?>
<testng-results skipped="0" failed="0" total="1" passed="1">
  <reporter-output>
  </reporter-output>
  <suite name="Default suite" duration-ms="12245" started-at="2018-09-18T07:24:39Z" finished-at="2018-09-18T07:24:51Z">
    <groups>
    </groups>
    <test name="Default test" duration-ms="12245" started-at="2018-09-18T07:24:39Z" finished-at="2018-09-18T07:24:51Z">
      <class name="com.epam.lab.selenium.SelenIDE">
        <test-method status="PASS" signature="testSelenIDE()[pri:0, instance:com.epam.lab.selenium.SelenIDE@724af044]" name="testSelenIDE" duration-ms="12206" started-at="2018-09-18T10:24:39Z" finished-at="2018-09-18T10:24:51Z">
          <reporter-output>
          </reporter-output>
        </test-method> <!-- testSelenIDE -->
      </class> <!-- com.epam.lab.selenium.SelenIDE -->
    </test> <!-- Default test -->
  </suite> <!-- Default suite -->
</testng-results>
